{"C:\\Users\\pilla\\Desktop\\Udemy\\react\\robotfriends\\src\\Scroll.js": {"path":"C:\\Users\\pilla\\Desktop\\Udemy\\react\\robotfriends\\src\\Scroll.js","statementMap":{"0":{"start":{"line":1,"column":0},"end":{"line":null,"column":-1}},"1":{"start":{"line":3,"column":16},"end":{"line":3,"column":0}},"2":{"start":{"line":4,"column":1},"end":{"line":null,"column":-1}}},"fnMap":{"0":{"name":"(anonymous_0)","decl":{"start":{"line":3,"column":16},"end":{"line":3,"column":14}},"loc":{"start":{"line":3,"column":26},"end":{"line":3,"column":0}}}},"branchMap":{},"s":{"0":0,"1":0,"2":0},"f":{"0":0},"b":{}}
,"C:\\Users\\pilla\\Desktop\\Udemy\\react\\robotfriends\\src\\actions.js": {"path":"C:\\Users\\pilla\\Desktop\\Udemy\\react\\robotfriends\\src\\actions.js","statementMap":{"0":{"start":{"line":1,"column":0},"end":{"line":null,"column":-1}},"1":{"start":{"line":8,"column":31},"end":{"line":8,"column":7}},"2":{"start":{"line":8,"column":41},"end":{"line":8,"column":30}},"3":{"start":{"line":13,"column":29},"end":{"line":13,"column":7}},"4":{"start":{"line":13,"column":36},"end":{"line":13,"column":7}},"5":{"start":{"line":14,"column":1},"end":{"line":null,"column":-1}},"6":{"start":{"line":15,"column":1},"end":{"line":null,"column":-1}},"7":{"start":{"line":16,"column":20},"end":{"line":15,"column":1}},"8":{"start":{"line":17,"column":16},"end":{"line":15,"column":1}},"9":{"start":{"line":18,"column":18},"end":{"line":15,"column":1}}},"fnMap":{"0":{"name":"(anonymous_0)","decl":{"start":{"line":8,"column":31},"end":{"line":8,"column":29}},"loc":{"start":{"line":8,"column":41},"end":{"line":8,"column":30}}},"1":{"name":"(anonymous_1)","decl":{"start":{"line":13,"column":29},"end":{"line":13,"column":35}},"loc":{"start":{"line":13,"column":36},"end":{"line":13,"column":7}}},"2":{"name":"(anonymous_2)","decl":{"start":{"line":13,"column":36},"end":{"line":13,"column":34}},"loc":{"start":{"line":13,"column":49},"end":{"line":13,"column":7}}},"3":{"name":"(anonymous_3)","decl":{"start":{"line":16,"column":8},"end":{"line":16,"column":15}},"loc":{"start":{"line":16,"column":20},"end":{"line":15,"column":1}}},"4":{"name":"(anonymous_4)","decl":{"start":{"line":17,"column":8},"end":{"line":17,"column":11}},"loc":{"start":{"line":17,"column":16},"end":{"line":15,"column":1}}},"5":{"name":"(anonymous_5)","decl":{"start":{"line":18,"column":9},"end":{"line":18,"column":13}},"loc":{"start":{"line":18,"column":18},"end":{"line":15,"column":1}}}},"branchMap":{},"s":{"0":0,"1":0,"2":0,"3":0,"4":0,"5":0,"6":0,"7":0,"8":0,"9":0},"f":{"0":0,"1":0,"2":0,"3":0,"4":0,"5":0},"b":{}}
,"C:\\Users\\pilla\\Desktop\\Udemy\\react\\robotfriends\\src\\constants.js": {"path":"C:\\Users\\pilla\\Desktop\\Udemy\\react\\robotfriends\\src\\constants.js","statementMap":{"0":{"start":{"line":1,"column":35},"end":{"line":1,"column":7}},"1":{"start":{"line":3,"column":38},"end":{"line":3,"column":7}},"2":{"start":{"line":4,"column":38},"end":{"line":4,"column":7}},"3":{"start":{"line":5,"column":37},"end":{"line":5,"column":7}}},"fnMap":{},"branchMap":{},"s":{"0":0,"1":0,"2":0,"3":0},"f":{},"b":{}}
,"C:\\Users\\pilla\\Desktop\\Udemy\\react\\robotfriends\\src\\index.js": {"path":"C:\\Users\\pilla\\Desktop\\Udemy\\react\\robotfriends\\src\\index.js","statementMap":{"0":{"start":{"line":1,"column":0},"end":{"line":null,"column":-1}},"1":{"start":{"line":2,"column":0},"end":{"line":null,"column":-1}},"2":{"start":{"line":3,"column":0},"end":{"line":null,"column":-1}},"3":{"start":{"line":4,"column":0},"end":{"line":null,"column":-1}},"4":{"start":{"line":5,"column":0},"end":{"line":null,"column":-1}},"5":{"start":{"line":6,"column":0},"end":{"line":null,"column":-1}},"6":{"start":{"line":7,"column":0},"end":{"line":null,"column":-1}},"7":{"start":{"line":8,"column":0},"end":{"line":null,"column":-1}},"8":{"start":{"line":9,"column":0},"end":{"line":null,"column":-1}},"9":{"start":{"line":10,"column":0},"end":{"line":null,"column":-1}},"10":{"start":{"line":11,"column":0},"end":{"line":null,"column":-1}},"11":{"start":{"line":13,"column":15},"end":{"line":13,"column":0}},"12":{"start":{"line":15,"column":20},"end":{"line":15,"column":0}},"13":{"start":{"line":16,"column":14},"end":{"line":16,"column":0}},"14":{"start":{"line":18,"column":0},"end":{"line":null,"column":-1}},"15":{"start":{"line":22,"column":0},"end":{"line":null,"column":-1}}},"fnMap":{},"branchMap":{},"s":{"0":0,"1":0,"2":0,"3":0,"4":0,"5":0,"6":0,"7":0,"8":0,"9":0,"10":0,"11":0,"12":0,"13":0,"14":0,"15":0},"f":{},"b":{}}
,"C:\\Users\\pilla\\Desktop\\Udemy\\react\\robotfriends\\src\\reducers.js": {"path":"C:\\Users\\pilla\\Desktop\\Udemy\\react\\robotfriends\\src\\reducers.js","statementMap":{"0":{"start":{"line":1,"column":0},"end":{"line":null,"column":-1}},"1":{"start":{"line":8,"column":26},"end":{"line":8,"column":0}},"2":{"start":{"line":12,"column":28},"end":{"line":12,"column":7}},"3":{"start":{"line":13,"column":1},"end":{"line":null,"column":-1}},"4":{"start":{"line":15,"column":3},"end":{"line":null,"column":-1}},"5":{"start":{"line":17,"column":3},"end":{"line":null,"column":-1}},"6":{"start":{"line":21,"column":26},"end":{"line":21,"column":0}},"7":{"start":{"line":27,"column":29},"end":{"line":27,"column":7}},"8":{"start":{"line":28,"column":1},"end":{"line":null,"column":-1}},"9":{"start":{"line":30,"column":3},"end":{"line":null,"column":-1}},"10":{"start":{"line":32,"column":3},"end":{"line":null,"column":-1}},"11":{"start":{"line":34,"column":3},"end":{"line":null,"column":-1}},"12":{"start":{"line":36,"column":3},"end":{"line":null,"column":-1}}},"fnMap":{"0":{"name":"(anonymous_0)","decl":{"start":{"line":12,"column":28},"end":{"line":12,"column":29}},"loc":{"start":{"line":12,"column":68},"end":{"line":12,"column":7}}},"1":{"name":"(anonymous_1)","decl":{"start":{"line":27,"column":29},"end":{"line":27,"column":30}},"loc":{"start":{"line":27,"column":69},"end":{"line":27,"column":7}}}},"branchMap":{"0":{"loc":{"start":{"line":12,"column":35},"end":{"line":12,"column":28}},"type":"default-arg","locations":[{"start":{"line":12,"column":35},"end":{"line":12,"column":28}}]},"1":{"loc":{"start":{"line":12,"column":61},"end":{"line":12,"column":28}},"type":"default-arg","locations":[{"start":{"line":12,"column":61},"end":{"line":12,"column":28}}]},"2":{"loc":{"start":{"line":14,"column":2},"end":{"line":15,"column":3}},"type":"switch","locations":[{"start":{"line":14,"column":2},"end":{"line":15,"column":3}},{"start":{"line":16,"column":2},"end":{"line":17,"column":3}}]},"3":{"loc":{"start":{"line":27,"column":36},"end":{"line":27,"column":29}},"type":"default-arg","locations":[{"start":{"line":27,"column":36},"end":{"line":27,"column":29}}]},"4":{"loc":{"start":{"line":27,"column":62},"end":{"line":27,"column":29}},"type":"default-arg","locations":[{"start":{"line":27,"column":62},"end":{"line":27,"column":29}}]},"5":{"loc":{"start":{"line":29,"column":2},"end":{"line":30,"column":3}},"type":"switch","locations":[{"start":{"line":29,"column":2},"end":{"line":30,"column":3}},{"start":{"line":31,"column":2},"end":{"line":32,"column":3}},{"start":{"line":33,"column":2},"end":{"line":34,"column":3}},{"start":{"line":35,"column":2},"end":{"line":36,"column":3}}]}},"s":{"0":0,"1":0,"2":0,"3":0,"4":0,"5":0,"6":0,"7":0,"8":0,"9":0,"10":0,"11":0,"12":0},"f":{"0":0,"1":0},"b":{"0":[0],"1":[0],"2":[0,0],"3":[0],"4":[0],"5":[0,0,0,0]}}
,"C:\\Users\\pilla\\Desktop\\Udemy\\react\\robotfriends\\src\\registerServiceWorker.js": {"path":"C:\\Users\\pilla\\Desktop\\Udemy\\react\\robotfriends\\src\\registerServiceWorker.js","statementMap":{"0":{"start":{"line":11,"column":20},"end":{"line":11,"column":0}},"1":{"start":{"line":22,"column":2},"end":{"line":52,"column":3}},"2":{"start":{"line":24,"column":22},"end":{"line":24,"column":4}},"3":{"start":{"line":25,"column":4},"end":{"line":30,"column":5}},"4":{"start":{"line":29,"column":6},"end":{"line":null,"column":-1}},"5":{"start":{"line":32,"column":4},"end":{"line":null,"column":-1}},"6":{"start":{"line":33,"column":21},"end":{"line":33,"column":6}},"7":{"start":{"line":35,"column":6},"end":{"line":50,"column":7}},"8":{"start":{"line":37,"column":8},"end":{"line":35,"column":23}},"9":{"start":{"line":41,"column":8},"end":{"line":null,"column":-1}},"10":{"start":{"line":42,"column":10},"end":{"line":null,"column":-1}},"11":{"start":{"line":49,"column":8},"end":{"line":null,"column":-1}},"12":{"start":{"line":56,"column":2},"end":{"line":null,"column":-1}},"13":{"start":{"line":59,"column":6},"end":{"line":null,"column":-1}},"14":{"start":{"line":60,"column":33},"end":{"line":60,"column":8}},"15":{"start":{"line":61,"column":8},"end":{"line":null,"column":-1}},"16":{"start":{"line":62,"column":10},"end":{"line":75,"column":11}},"17":{"start":{"line":63,"column":12},"end":{"line":74,"column":13}},"18":{"start":{"line":68,"column":14},"end":{"line":null,"column":-1}},"19":{"start":{"line":73,"column":14},"end":{"line":null,"column":-1}},"20":{"start":{"line":80,"column":6},"end":{"line":null,"column":-1}},"21":{"start":{"line":86,"column":2},"end":{"line":null,"column":-1}},"22":{"start":{"line":89,"column":6},"end":{"line":102,"column":7}},"23":{"start":{"line":94,"column":8},"end":{"line":null,"column":-1}},"24":{"start":{"line":95,"column":10},"end":{"line":null,"column":-1}},"25":{"start":{"line":96,"column":12},"end":{"line":null,"column":-1}},"26":{"start":{"line":101,"column":8},"end":{"line":null,"column":-1}},"27":{"start":{"line":105,"column":6},"end":{"line":null,"column":-1}},"28":{"start":{"line":112,"column":2},"end":{"line":116,"column":3}},"29":{"start":{"line":113,"column":4},"end":{"line":null,"column":-1}},"30":{"start":{"line":114,"column":6},"end":{"line":null,"column":-1}}},"fnMap":{"0":{"name":"register","decl":{"start":{"line":21,"column":24},"end":{"line":21,"column":15}},"loc":{"start":{"line":21,"column":35},"end":{"line":53,"column":1}}},"1":{"name":"(anonymous_1)","decl":{"start":{"line":32,"column":36},"end":{"line":32,"column":41}},"loc":{"start":{"line":32,"column":42},"end":{"line":32,"column":4}}},"2":{"name":"(anonymous_2)","decl":{"start":{"line":41,"column":43},"end":{"line":41,"column":48}},"loc":{"start":{"line":41,"column":49},"end":{"line":41,"column":8}}},"3":{"name":"registerValidSW","decl":{"start":{"line":55,"column":9},"end":{"line":55,"column":0}},"loc":{"start":{"line":55,"column":32},"end":{"line":82,"column":1}}},"4":{"name":"(anonymous_4)","decl":{"start":{"line":58,"column":10},"end":{"line":58,"column":21}},"loc":{"start":{"line":58,"column":26},"end":{"line":56,"column":2}}},"5":{"name":"(anonymous_5)","decl":{"start":{"line":59,"column":35},"end":{"line":59,"column":40}},"loc":{"start":{"line":59,"column":41},"end":{"line":59,"column":6}}},"6":{"name":"(anonymous_6)","decl":{"start":{"line":61,"column":41},"end":{"line":61,"column":46}},"loc":{"start":{"line":61,"column":47},"end":{"line":61,"column":8}}},"7":{"name":"(anonymous_7)","decl":{"start":{"line":79,"column":11},"end":{"line":79,"column":15}},"loc":{"start":{"line":79,"column":20},"end":{"line":56,"column":2}}},"8":{"name":"checkValidServiceWorker","decl":{"start":{"line":84,"column":9},"end":{"line":84,"column":0}},"loc":{"start":{"line":84,"column":40},"end":{"line":109,"column":1}}},"9":{"name":"(anonymous_9)","decl":{"start":{"line":87,"column":10},"end":{"line":87,"column":17}},"loc":{"start":{"line":87,"column":22},"end":{"line":86,"column":2}}},"10":{"name":"(anonymous_10)","decl":{"start":{"line":94,"column":43},"end":{"line":94,"column":54}},"loc":{"start":{"line":94,"column":59},"end":{"line":94,"column":8}}},"11":{"name":"(anonymous_11)","decl":{"start":{"line":95,"column":41},"end":{"line":95,"column":46}},"loc":{"start":{"line":95,"column":47},"end":{"line":95,"column":10}}},"12":{"name":"(anonymous_12)","decl":{"start":{"line":104,"column":11},"end":{"line":104,"column":16}},"loc":{"start":{"line":104,"column":17},"end":{"line":86,"column":2}}},"13":{"name":"unregister","decl":{"start":{"line":111,"column":16},"end":{"line":111,"column":7}},"loc":{"start":{"line":111,"column":29},"end":{"line":117,"column":1}}},"14":{"name":"(anonymous_14)","decl":{"start":{"line":113,"column":39},"end":{"line":113,"column":50}},"loc":{"start":{"line":113,"column":55},"end":{"line":113,"column":4}}}},"branchMap":{"0":{"loc":{"start":{"line":12,"column":2},"end":{"line":12,"column":1}},"type":"binary-expr","locations":[{"start":{"line":12,"column":2},"end":{"line":12,"column":1}},{"start":{"line":14,"column":4},"end":{"line":12,"column":2}},{"start":{"line":16,"column":4},"end":{"line":11,"column":27}}]},"1":{"loc":{"start":{"line":22,"column":2},"end":{"line":52,"column":3}},"type":"if","locations":[{"start":{"line":22,"column":2},"end":{"line":52,"column":3}},{"start":{"line":22,"column":2},"end":{"line":52,"column":3}}]},"2":{"loc":{"start":{"line":22,"column":6},"end":{"line":22,"column":5}},"type":"binary-expr","locations":[{"start":{"line":22,"column":6},"end":{"line":22,"column":5}},{"start":{"line":22,"column":47},"end":{"line":22,"column":2}}]},"3":{"loc":{"start":{"line":25,"column":4},"end":{"line":30,"column":5}},"type":"if","locations":[{"start":{"line":25,"column":4},"end":{"line":30,"column":5}},{"start":{"line":25,"column":4},"end":{"line":30,"column":5}}]},"4":{"loc":{"start":{"line":35,"column":6},"end":{"line":50,"column":7}},"type":"if","locations":[{"start":{"line":35,"column":6},"end":{"line":50,"column":7}},{"start":{"line":35,"column":6},"end":{"line":50,"column":7}}]},"5":{"loc":{"start":{"line":62,"column":10},"end":{"line":75,"column":11}},"type":"if","locations":[{"start":{"line":62,"column":10},"end":{"line":75,"column":11}},{"start":{"line":62,"column":10},"end":{"line":75,"column":11}}]},"6":{"loc":{"start":{"line":63,"column":12},"end":{"line":74,"column":13}},"type":"if","locations":[{"start":{"line":63,"column":12},"end":{"line":74,"column":13}},{"start":{"line":63,"column":12},"end":{"line":74,"column":13}}]},"7":{"loc":{"start":{"line":89,"column":6},"end":{"line":102,"column":7}},"type":"if","locations":[{"start":{"line":89,"column":6},"end":{"line":102,"column":7}},{"start":{"line":89,"column":6},"end":{"line":102,"column":7}}]},"8":{"loc":{"start":{"line":90,"column":8},"end":{"line":90,"column":7}},"type":"binary-expr","locations":[{"start":{"line":90,"column":8},"end":{"line":90,"column":7}},{"start":{"line":91,"column":8},"end":{"line":89,"column":6}}]},"9":{"loc":{"start":{"line":112,"column":2},"end":{"line":116,"column":3}},"type":"if","locations":[{"start":{"line":112,"column":2},"end":{"line":116,"column":3}},{"start":{"line":112,"column":2},"end":{"line":116,"column":3}}]}},"s":{"0":0,"1":0,"2":0,"3":0,"4":0,"5":0,"6":0,"7":0,"8":0,"9":0,"10":0,"11":0,"12":0,"13":0,"14":0,"15":0,"16":0,"17":0,"18":0,"19":0,"20":0,"21":0,"22":0,"23":0,"24":0,"25":0,"26":0,"27":0,"28":0,"29":0,"30":0},"f":{"0":0,"1":0,"2":0,"3":0,"4":0,"5":0,"6":0,"7":0,"8":0,"9":0,"10":0,"11":0,"12":0,"13":0,"14":0},"b":{"0":[0,0,0],"1":[0,0],"2":[0,0],"3":[0,0],"4":[0,0],"5":[0,0],"6":[0,0],"7":[0,0],"8":[0,0],"9":[0,0]}}
,"C:\\Users\\pilla\\Desktop\\Udemy\\react\\robotfriends\\src\\robots.js": {"path":"C:\\Users\\pilla\\Desktop\\Udemy\\react\\robotfriends\\src\\robots.js","statementMap":{"0":{"start":{"line":1,"column":22},"end":{"line":1,"column":7}}},"fnMap":{},"branchMap":{},"s":{"0":0},"f":{},"b":{}}
,"C:\\Users\\pilla\\Desktop\\Udemy\\react\\robotfriends\\src\\setupTests.js": {"path":"C:\\Users\\pilla\\Desktop\\Udemy\\react\\robotfriends\\src\\setupTests.js","statementMap":{"0":{"start":{"line":4,"column":0},"end":{"line":4,"column":38}}},"fnMap":{},"branchMap":{},"s":{"0":4},"f":{},"b":{},"_coverageSchema":"332fd63041d2c1bcb487cc26dd0d5f7d97098a6c","hash":"a4370aa3af03f30044ab3070d410ef4c50fc69f2"}
,"C:\\Users\\pilla\\Desktop\\Udemy\\react\\robotfriends\\src\\components\\Card.js": {"path":"C:\\Users\\pilla\\Desktop\\Udemy\\react\\robotfriends\\src\\components\\Card.js","statementMap":{"0":{"start":{"line":3,"column":13},"end":{"line":13,"column":1}},"1":{"start":{"line":4,"column":1},"end":{"line":12,"column":4}}},"fnMap":{"0":{"name":"(anonymous_0)","decl":{"start":{"line":3,"column":13},"end":{"line":3,"column":14}},"loc":{"start":{"line":3,"column":37},"end":{"line":13,"column":1}},"line":3}},"branchMap":{},"s":{"0":2,"1":1},"f":{"0":1},"b":{},"_coverageSchema":"332fd63041d2c1bcb487cc26dd0d5f7d97098a6c","hash":"1f97b7fe2f0316f7304cede7c7fc588d730f698d"}
,"C:\\Users\\pilla\\Desktop\\Udemy\\react\\robotfriends\\src\\components\\CardList.js": {"path":"C:\\Users\\pilla\\Desktop\\Udemy\\react\\robotfriends\\src\\components\\CardList.js","statementMap":{"0":{"start":{"line":4,"column":17},"end":{"line":21,"column":1}},"1":{"start":{"line":5,"column":1},"end":{"line":20,"column":3}},"2":{"start":{"line":9,"column":5},"end":{"line":16,"column":8}}},"fnMap":{"0":{"name":"(anonymous_0)","decl":{"start":{"line":4,"column":17},"end":{"line":4,"column":18}},"loc":{"start":{"line":4,"column":31},"end":{"line":21,"column":1}},"line":4},"1":{"name":"(anonymous_1)","decl":{"start":{"line":8,"column":15},"end":{"line":8,"column":16}},"loc":{"start":{"line":8,"column":28},"end":{"line":17,"column":6}},"line":8}},"branchMap":{},"s":{"0":1,"1":1,"2":1},"f":{"0":1,"1":1},"b":{},"_coverageSchema":"332fd63041d2c1bcb487cc26dd0d5f7d97098a6c","hash":"13eec22d4fc3bf6101ecf4592ab5d9996edd0e10"}
,"C:\\Users\\pilla\\Desktop\\Udemy\\react\\robotfriends\\src\\components\\ErrorBoundry.js": {"path":"C:\\Users\\pilla\\Desktop\\Udemy\\react\\robotfriends\\src\\components\\ErrorBoundry.js","statementMap":{"0":{"start":{"line":1,"column":0},"end":{"line":null,"column":-1}},"1":{"start":{"line":5,"column":2},"end":{"line":null,"column":-1}},"2":{"start":{"line":6,"column":2},"end":{"line":null,"column":-1}},"3":{"start":{"line":12,"column":1},"end":{"line":null,"column":-1}},"4":{"start":{"line":16,"column":2},"end":{"line":18,"column":3}},"5":{"start":{"line":17,"column":3},"end":{"line":null,"column":-1}},"6":{"start":{"line":19,"column":2},"end":{"line":null,"column":-1}}},"fnMap":{"0":{"name":"(anonymous_0)","decl":{"start":{"line":4,"column":1},"end":{"line":4,"column":11}},"loc":{"start":{"line":4,"column":20},"end":{"line":9,"column":2}}},"1":{"name":"(anonymous_1)","decl":{"start":{"line":11,"column":0},"end":{"line":11,"column":16}},"loc":{"start":{"line":11,"column":31},"end":{"line":13,"column":1}}},"2":{"name":"(anonymous_2)","decl":{"start":{"line":15,"column":0},"end":{"line":15,"column":5}},"loc":{"start":{"line":15,"column":9},"end":{"line":20,"column":2}}}},"branchMap":{"0":{"loc":{"start":{"line":16,"column":2},"end":{"line":18,"column":3}},"type":"if","locations":[{"start":{"line":16,"column":2},"end":{"line":18,"column":3}},{"start":{"line":16,"column":2},"end":{"line":18,"column":3}}]}},"s":{"0":0,"1":0,"2":0,"3":0,"4":0,"5":0,"6":0},"f":{"0":0,"1":0,"2":0},"b":{"0":[0,0]}}
,"C:\\Users\\pilla\\Desktop\\Udemy\\react\\robotfriends\\src\\components\\Header.js": {"path":"C:\\Users\\pilla\\Desktop\\Udemy\\react\\robotfriends\\src\\components\\Header.js","statementMap":{"0":{"start":{"line":1,"column":0},"end":{"line":null,"column":-1}},"1":{"start":{"line":5,"column":2},"end":{"line":null,"column":-1}},"2":{"start":{"line":9,"column":2},"end":{"line":null,"column":-1}}},"fnMap":{"0":{"name":"(anonymous_0)","decl":{"start":{"line":4,"column":1},"end":{"line":4,"column":21}},"loc":{"start":{"line":4,"column":45},"end":{"line":6,"column":2}}},"1":{"name":"(anonymous_1)","decl":{"start":{"line":8,"column":1},"end":{"line":8,"column":6}},"loc":{"start":{"line":8,"column":10},"end":{"line":10,"column":2}}}},"branchMap":{},"s":{"0":0,"1":0,"2":0},"f":{"0":0,"1":0},"b":{}}
,"C:\\Users\\pilla\\Desktop\\Udemy\\react\\robotfriends\\src\\components\\Scroll.js": {"path":"C:\\Users\\pilla\\Desktop\\Udemy\\react\\robotfriends\\src\\components\\Scroll.js","statementMap":{"0":{"start":{"line":3,"column":15},"end":{"line":9,"column":1}},"1":{"start":{"line":4,"column":1},"end":{"line":8,"column":3}}},"fnMap":{"0":{"name":"(anonymous_0)","decl":{"start":{"line":3,"column":15},"end":{"line":3,"column":16}},"loc":{"start":{"line":3,"column":26},"end":{"line":9,"column":1}},"line":3}},"branchMap":{},"s":{"0":1,"1":1},"f":{"0":1},"b":{},"_coverageSchema":"332fd63041d2c1bcb487cc26dd0d5f7d97098a6c","hash":"75f73c65cbc30b4c7e4bc94ed6ae53ffdeca63bd"}
,"C:\\Users\\pilla\\Desktop\\Udemy\\react\\robotfriends\\src\\components\\SearchBox.js": {"path":"C:\\Users\\pilla\\Desktop\\Udemy\\react\\robotfriends\\src\\components\\SearchBox.js","statementMap":{"0":{"start":{"line":3,"column":18},"end":{"line":21,"column":1}},"1":{"start":{"line":4,"column":1},"end":{"line":20,"column":3}}},"fnMap":{"0":{"name":"(anonymous_0)","decl":{"start":{"line":3,"column":18},"end":{"line":3,"column":19}},"loc":{"start":{"line":3,"column":53},"end":{"line":21,"column":1}},"line":3}},"branchMap":{},"s":{"0":1,"1":1},"f":{"0":1},"b":{},"_coverageSchema":"332fd63041d2c1bcb487cc26dd0d5f7d97098a6c","hash":"ac85e0e1afc6e300c405ecf6325c1dfaec58f8c6"}
,"C:\\Users\\pilla\\Desktop\\Udemy\\react\\robotfriends\\src\\containers\\App.js": {"path":"C:\\Users\\pilla\\Desktop\\Udemy\\react\\robotfriends\\src\\containers\\App.js","statementMap":{"0":{"start":{"line":1,"column":0},"end":{"line":null,"column":-1}},"1":{"start":{"line":2,"column":0},"end":{"line":null,"column":-1}},"2":{"start":{"line":3,"column":0},"end":{"line":null,"column":-1}},"3":{"start":{"line":4,"column":0},"end":{"line":null,"column":-1}},"4":{"start":{"line":5,"column":0},"end":{"line":null,"column":-1}},"5":{"start":{"line":6,"column":0},"end":{"line":null,"column":-1}},"6":{"start":{"line":7,"column":0},"end":{"line":null,"column":-1}},"7":{"start":{"line":8,"column":0},"end":{"line":null,"column":-1}},"8":{"start":{"line":10,"column":0},"end":{"line":null,"column":-1}},"9":{"start":{"line":12,"column":24},"end":{"line":12,"column":0}},"10":{"start":{"line":13,"column":1},"end":{"line":null,"column":-1}},"11":{"start":{"line":21,"column":28},"end":{"line":21,"column":0}},"12":{"start":{"line":22,"column":1},"end":{"line":null,"column":-1}},"13":{"start":{"line":23,"column":29},"end":{"line":22,"column":8}},"14":{"start":{"line":24,"column":25},"end":{"line":24,"column":33}},"15":{"start":{"line":30,"column":2},"end":{"line":null,"column":-1}},"16":{"start":{"line":34,"column":61},"end":{"line":33,"column":10}},"17":{"start":{"line":33,"column":10},"end":{"line":33,"column":9}},"18":{"start":{"line":35,"column":25},"end":{"line":35,"column":2}},"19":{"start":{"line":36,"column":3},"end":{"line":null,"column":-1}},"20":{"start":{"line":38,"column":2},"end":{"line":null,"column":-1}}},"fnMap":{"0":{"name":"(anonymous_0)","decl":{"start":{"line":12,"column":24},"end":{"line":12,"column":28}},"loc":{"start":{"line":12,"column":33},"end":{"line":12,"column":0}}},"1":{"name":"(anonymous_1)","decl":{"start":{"line":21,"column":28},"end":{"line":21,"column":26}},"loc":{"start":{"line":21,"column":41},"end":{"line":21,"column":0}}},"2":{"name":"(anonymous_2)","decl":{"start":{"line":23,"column":19},"end":{"line":23,"column":17}},"loc":{"start":{"line":23,"column":29},"end":{"line":22,"column":8}}},"3":{"name":"(anonymous_3)","decl":{"start":{"line":24,"column":19},"end":{"line":24,"column":24}},"loc":{"start":{"line":24,"column":25},"end":{"line":24,"column":33}}},"4":{"name":"(anonymous_4)","decl":{"start":{"line":29,"column":1},"end":{"line":29,"column":17}},"loc":{"start":{"line":29,"column":21},"end":{"line":31,"column":2}}},"5":{"name":"(anonymous_5)","decl":{"start":{"line":33,"column":1},"end":{"line":33,"column":6}},"loc":{"start":{"line":33,"column":10},"end":{"line":51,"column":4}}},"6":{"name":"(anonymous_6)","decl":{"start":{"line":35,"column":39},"end":{"line":35,"column":43}},"loc":{"start":{"line":35,"column":48},"end":{"line":35,"column":25}}}},"branchMap":{"0":{"loc":{"start":{"line":39,"column":2},"end":{"line":38,"column":18}},"type":"cond-expr","locations":[{"start":{"line":39,"column":2},"end":{"line":38,"column":18}},{"start":{"line":41,"column":3},"end":{"line":38,"column":2}}]}},"s":{"0":0,"1":0,"2":0,"3":0,"4":0,"5":0,"6":0,"7":0,"8":0,"9":0,"10":0,"11":0,"12":0,"13":0,"14":0,"15":0,"16":0,"17":0,"18":0,"19":0,"20":0},"f":{"0":0,"1":0,"2":0,"3":0,"4":0,"5":0,"6":0},"b":{"0":[0,0]}}
}
